{"/Users/aalasseh/Documents/test/contact-manage/test/src/constants/icons.js": {"path":"/Users/aalasseh/Documents/test/contact-manage/test/src/constants/icons.js","statementMap":{},"fnMap":{},"branchMap":{},"s":{},"f":{},"b":{},"_coverageSchema":"1a1c01bbd47fc00a2c39e90264f33305004495a9","hash":"f16f42b0fcd2035b4b146a2d47937a4dc3977eaf"}
,"/Users/aalasseh/Documents/test/contact-manage/test/src/constants/images.js": {"path":"/Users/aalasseh/Documents/test/contact-manage/test/src/constants/images.js","statementMap":{},"fnMap":{},"branchMap":{},"s":{},"f":{},"b":{},"_coverageSchema":"1a1c01bbd47fc00a2c39e90264f33305004495a9","hash":"bb5738269f685719f34c74a6c30083979de9c309"}
,"/Users/aalasseh/Documents/test/contact-manage/test/src/constants/index.js": {"path":"/Users/aalasseh/Documents/test/contact-manage/test/src/constants/index.js","statementMap":{},"fnMap":{},"branchMap":{},"s":{},"f":{},"b":{},"_coverageSchema":"1a1c01bbd47fc00a2c39e90264f33305004495a9","hash":"ed50743b223e30e9e643fee0b49cc192ba25726a"}
,"/Users/aalasseh/Documents/test/contact-manage/test/src/types/app.d.ts": {"path":"/Users/aalasseh/Documents/test/contact-manage/test/src/types/app.d.ts","statementMap":{},"fnMap":{},"branchMap":{},"s":{},"f":{},"b":{}}
}
